CRITICAL - 2023-04-20 22:17:03 --> Undefined variable: data
in APPPATH\Controllers\Home.php on line 21.
 1 APPPATH\Controllers\Home.php(21): CodeIgniter\Debug\Exceptions->errorHandler(8, 'Undefined variable: data', 'C:\\xampp\\htdocs\\GimenezIvana\\app\\Controllers\\Home.php', 21, [])
 2 SYSTEMPATH\CodeIgniter.php(934): App\Controllers\Home->quienesSomos()
 3 SYSTEMPATH\CodeIgniter.php(499): CodeIgniter\CodeIgniter->runController(Object(App\Controllers\Home))
 4 SYSTEMPATH\CodeIgniter.php(368): CodeIgniter\CodeIgniter->handleRequest(null, Object(Config\Cache), false)
 5 FCPATH\index.php(67): CodeIgniter\CodeIgniter->run()
CRITICAL - 2023-04-20 22:17:09 --> Undefined variable: data
in APPPATH\Controllers\Home.php on line 21.
 1 APPPATH\Controllers\Home.php(21): CodeIgniter\Debug\Exceptions->errorHandler(8, 'Undefined variable: data', 'C:\\xampp\\htdocs\\GimenezIvana\\app\\Controllers\\Home.php', 21, [])
 2 SYSTEMPATH\CodeIgniter.php(934): App\Controllers\Home->quienesSomos()
 3 SYSTEMPATH\CodeIgniter.php(499): CodeIgniter\CodeIgniter->runController(Object(App\Controllers\Home))
 4 SYSTEMPATH\CodeIgniter.php(368): CodeIgniter\CodeIgniter->handleRequest(null, Object(Config\Cache), false)
 5 FCPATH\index.php(67): CodeIgniter\CodeIgniter->run()
CRITICAL - 2023-04-20 22:20:22 --> Undefined variable: data
in APPPATH\Controllers\Home.php on line 21.
 1 APPPATH\Controllers\Home.php(21): CodeIgniter\Debug\Exceptions->errorHandler(8, 'Undefined variable: data', 'C:\\xampp\\htdocs\\GimenezIvana\\app\\Controllers\\Home.php', 21, [])
 2 SYSTEMPATH\CodeIgniter.php(934): App\Controllers\Home->quienesSomos()
 3 SYSTEMPATH\CodeIgniter.php(499): CodeIgniter\CodeIgniter->runController(Object(App\Controllers\Home))
 4 SYSTEMPATH\CodeIgniter.php(368): CodeIgniter\CodeIgniter->handleRequest(null, Object(Config\Cache), false)
 5 FCPATH\index.php(67): CodeIgniter\CodeIgniter->run()
CRITICAL - 2023-04-20 23:02:06 --> Invalid file: "front/quienesSomos_view.php"
in SYSTEMPATH\Exceptions\FrameworkException.php on line 33.
 1 SYSTEMPATH\View\View.php(201): CodeIgniter\Exceptions\FrameworkException::forInvalidFile('front/quienesSomos_view.php')
 2 SYSTEMPATH\Common.php(1184): CodeIgniter\View\View->render('front/quienesSomos_view', [], true)
 3 APPPATH\Controllers\Home.php(24): view('front/quienesSomos_view')
 4 SYSTEMPATH\CodeIgniter.php(934): App\Controllers\Home->quienesSomos()
 5 SYSTEMPATH\CodeIgniter.php(499): CodeIgniter\CodeIgniter->runController(Object(App\Controllers\Home))
 6 SYSTEMPATH\CodeIgniter.php(368): CodeIgniter\CodeIgniter->handleRequest(null, Object(Config\Cache), false)
 7 FCPATH\index.php(67): CodeIgniter\CodeIgniter->run()
CRITICAL - 2023-04-20 23:02:09 --> Invalid file: "front/quienesSomos_view.php"
in SYSTEMPATH\Exceptions\FrameworkException.php on line 33.
 1 SYSTEMPATH\View\View.php(201): CodeIgniter\Exceptions\FrameworkException::forInvalidFile('front/quienesSomos_view.php')
 2 SYSTEMPATH\Common.php(1184): CodeIgniter\View\View->render('front/quienesSomos_view', [], true)
 3 APPPATH\Controllers\Home.php(24): view('front/quienesSomos_view')
 4 SYSTEMPATH\CodeIgniter.php(934): App\Controllers\Home->quienesSomos()
 5 SYSTEMPATH\CodeIgniter.php(499): CodeIgniter\CodeIgniter->runController(Object(App\Controllers\Home))
 6 SYSTEMPATH\CodeIgniter.php(368): CodeIgniter\CodeIgniter->handleRequest(null, Object(Config\Cache), false)
 7 FCPATH\index.php(67): CodeIgniter\CodeIgniter->run()
CRITICAL - 2023-04-20 23:02:11 --> Invalid file: "front/quienesSomos_view.php"
in SYSTEMPATH\Exceptions\FrameworkException.php on line 33.
 1 SYSTEMPATH\View\View.php(201): CodeIgniter\Exceptions\FrameworkException::forInvalidFile('front/quienesSomos_view.php')
 2 SYSTEMPATH\Common.php(1184): CodeIgniter\View\View->render('front/quienesSomos_view', [], true)
 3 APPPATH\Controllers\Home.php(24): view('front/quienesSomos_view')
 4 SYSTEMPATH\CodeIgniter.php(934): App\Controllers\Home->quienesSomos()
 5 SYSTEMPATH\CodeIgniter.php(499): CodeIgniter\CodeIgniter->runController(Object(App\Controllers\Home))
 6 SYSTEMPATH\CodeIgniter.php(368): CodeIgniter\CodeIgniter->handleRequest(null, Object(Config\Cache), false)
 7 FCPATH\index.php(67): CodeIgniter\CodeIgniter->run()
CRITICAL - 2023-04-20 23:06:15 --> Invalid file: "front/quienesSomos_view.php"
in SYSTEMPATH\Exceptions\FrameworkException.php on line 33.
 1 SYSTEMPATH\View\View.php(201): CodeIgniter\Exceptions\FrameworkException::forInvalidFile('front/quienesSomos_view.php')
 2 SYSTEMPATH\Common.php(1184): CodeIgniter\View\View->render('front/quienesSomos_view', [], true)
 3 APPPATH\Controllers\Home.php(24): view('front/quienesSomos_view')
 4 SYSTEMPATH\CodeIgniter.php(934): App\Controllers\Home->quienesSomos()
 5 SYSTEMPATH\CodeIgniter.php(499): CodeIgniter\CodeIgniter->runController(Object(App\Controllers\Home))
 6 SYSTEMPATH\CodeIgniter.php(368): CodeIgniter\CodeIgniter->handleRequest(null, Object(Config\Cache), false)
 7 FCPATH\index.php(67): CodeIgniter\CodeIgniter->run()
CRITICAL - 2023-04-20 23:06:19 --> Invalid file: "front/quienesSomos_view.php"
in SYSTEMPATH\Exceptions\FrameworkException.php on line 33.
 1 SYSTEMPATH\View\View.php(201): CodeIgniter\Exceptions\FrameworkException::forInvalidFile('front/quienesSomos_view.php')
 2 SYSTEMPATH\Common.php(1184): CodeIgniter\View\View->render('front/quienesSomos_view', [], true)
 3 APPPATH\Controllers\Home.php(24): view('front/quienesSomos_view')
 4 SYSTEMPATH\CodeIgniter.php(934): App\Controllers\Home->quienesSomos()
 5 SYSTEMPATH\CodeIgniter.php(499): CodeIgniter\CodeIgniter->runController(Object(App\Controllers\Home))
 6 SYSTEMPATH\CodeIgniter.php(368): CodeIgniter\CodeIgniter->handleRequest(null, Object(Config\Cache), false)
 7 FCPATH\index.php(67): CodeIgniter\CodeIgniter->run()
CRITICAL - 2023-04-20 23:06:26 --> Invalid file: "front/quienesSomos_view.php"
in SYSTEMPATH\Exceptions\FrameworkException.php on line 33.
 1 SYSTEMPATH\View\View.php(201): CodeIgniter\Exceptions\FrameworkException::forInvalidFile('front/quienesSomos_view.php')
 2 SYSTEMPATH\Common.php(1184): CodeIgniter\View\View->render('front/quienesSomos_view', [], true)
 3 APPPATH\Controllers\Home.php(24): view('front/quienesSomos_view')
 4 SYSTEMPATH\CodeIgniter.php(934): App\Controllers\Home->quienesSomos()
 5 SYSTEMPATH\CodeIgniter.php(499): CodeIgniter\CodeIgniter->runController(Object(App\Controllers\Home))
 6 SYSTEMPATH\CodeIgniter.php(368): CodeIgniter\CodeIgniter->handleRequest(null, Object(Config\Cache), false)
 7 FCPATH\index.php(67): CodeIgniter\CodeIgniter->run()
CRITICAL - 2023-04-20 23:06:28 --> Invalid file: "front/quienesSomos_view.php"
in SYSTEMPATH\Exceptions\FrameworkException.php on line 33.
 1 SYSTEMPATH\View\View.php(201): CodeIgniter\Exceptions\FrameworkException::forInvalidFile('front/quienesSomos_view.php')
 2 SYSTEMPATH\Common.php(1184): CodeIgniter\View\View->render('front/quienesSomos_view', [], true)
 3 APPPATH\Controllers\Home.php(24): view('front/quienesSomos_view')
 4 SYSTEMPATH\CodeIgniter.php(934): App\Controllers\Home->quienesSomos()
 5 SYSTEMPATH\CodeIgniter.php(499): CodeIgniter\CodeIgniter->runController(Object(App\Controllers\Home))
 6 SYSTEMPATH\CodeIgniter.php(368): CodeIgniter\CodeIgniter->handleRequest(null, Object(Config\Cache), false)
 7 FCPATH\index.php(67): CodeIgniter\CodeIgniter->run()
CRITICAL - 2023-04-20 23:06:54 --> Invalid file: "front/quienesSomos_view.php"
in SYSTEMPATH\Exceptions\FrameworkException.php on line 33.
 1 SYSTEMPATH\View\View.php(201): CodeIgniter\Exceptions\FrameworkException::forInvalidFile('front/quienesSomos_view.php')
 2 SYSTEMPATH\Common.php(1184): CodeIgniter\View\View->render('front/quienesSomos_view', [], true)
 3 APPPATH\Controllers\Home.php(24): view('front/quienesSomos_view')
 4 SYSTEMPATH\CodeIgniter.php(934): App\Controllers\Home->quienesSomos()
 5 SYSTEMPATH\CodeIgniter.php(499): CodeIgniter\CodeIgniter->runController(Object(App\Controllers\Home))
 6 SYSTEMPATH\CodeIgniter.php(368): CodeIgniter\CodeIgniter->handleRequest(null, Object(Config\Cache), false)
 7 FCPATH\index.php(67): CodeIgniter\CodeIgniter->run()
CRITICAL - 2023-04-20 23:06:57 --> Invalid file: "front/quienesSomos_view.php"
in SYSTEMPATH\Exceptions\FrameworkException.php on line 33.
 1 SYSTEMPATH\View\View.php(201): CodeIgniter\Exceptions\FrameworkException::forInvalidFile('front/quienesSomos_view.php')
 2 SYSTEMPATH\Common.php(1184): CodeIgniter\View\View->render('front/quienesSomos_view', [], true)
 3 APPPATH\Controllers\Home.php(24): view('front/quienesSomos_view')
 4 SYSTEMPATH\CodeIgniter.php(934): App\Controllers\Home->quienesSomos()
 5 SYSTEMPATH\CodeIgniter.php(499): CodeIgniter\CodeIgniter->runController(Object(App\Controllers\Home))
 6 SYSTEMPATH\CodeIgniter.php(368): CodeIgniter\CodeIgniter->handleRequest(null, Object(Config\Cache), false)
 7 FCPATH\index.php(67): CodeIgniter\CodeIgniter->run()
CRITICAL - 2023-04-20 23:07:00 --> Invalid file: "front/quienesSomos_view.php"
in SYSTEMPATH\Exceptions\FrameworkException.php on line 33.
 1 SYSTEMPATH\View\View.php(201): CodeIgniter\Exceptions\FrameworkException::forInvalidFile('front/quienesSomos_view.php')
 2 SYSTEMPATH\Common.php(1184): CodeIgniter\View\View->render('front/quienesSomos_view', [], true)
 3 APPPATH\Controllers\Home.php(24): view('front/quienesSomos_view')
 4 SYSTEMPATH\CodeIgniter.php(934): App\Controllers\Home->quienesSomos()
 5 SYSTEMPATH\CodeIgniter.php(499): CodeIgniter\CodeIgniter->runController(Object(App\Controllers\Home))
 6 SYSTEMPATH\CodeIgniter.php(368): CodeIgniter\CodeIgniter->handleRequest(null, Object(Config\Cache), false)
 7 FCPATH\index.php(67): CodeIgniter\CodeIgniter->run()
CRITICAL - 2023-04-20 23:07:01 --> Invalid file: "front/quienesSomos_view.php"
in SYSTEMPATH\Exceptions\FrameworkException.php on line 33.
 1 SYSTEMPATH\View\View.php(201): CodeIgniter\Exceptions\FrameworkException::forInvalidFile('front/quienesSomos_view.php')
 2 SYSTEMPATH\Common.php(1184): CodeIgniter\View\View->render('front/quienesSomos_view', [], true)
 3 APPPATH\Controllers\Home.php(24): view('front/quienesSomos_view')
 4 SYSTEMPATH\CodeIgniter.php(934): App\Controllers\Home->quienesSomos()
 5 SYSTEMPATH\CodeIgniter.php(499): CodeIgniter\CodeIgniter->runController(Object(App\Controllers\Home))
 6 SYSTEMPATH\CodeIgniter.php(368): CodeIgniter\CodeIgniter->handleRequest(null, Object(Config\Cache), false)
 7 FCPATH\index.php(67): CodeIgniter\CodeIgniter->run()
CRITICAL - 2023-04-20 23:08:42 --> Invalid file: "front/quienesSomos_view.php"
in SYSTEMPATH\Exceptions\FrameworkException.php on line 33.
 1 SYSTEMPATH\View\View.php(201): CodeIgniter\Exceptions\FrameworkException::forInvalidFile('front/quienesSomos_view.php')
 2 SYSTEMPATH\Common.php(1184): CodeIgniter\View\View->render('front/quienesSomos_view', [], true)
 3 APPPATH\Controllers\Home.php(24): view('front/quienesSomos_view')
 4 SYSTEMPATH\CodeIgniter.php(934): App\Controllers\Home->quienesSomos()
 5 SYSTEMPATH\CodeIgniter.php(499): CodeIgniter\CodeIgniter->runController(Object(App\Controllers\Home))
 6 SYSTEMPATH\CodeIgniter.php(368): CodeIgniter\CodeIgniter->handleRequest(null, Object(Config\Cache), false)
 7 FCPATH\index.php(67): CodeIgniter\CodeIgniter->run()
CRITICAL - 2023-04-20 23:42:56 --> Invalid file: "front/quienesSomos_view.php"
in SYSTEMPATH\Exceptions\FrameworkException.php on line 33.
 1 SYSTEMPATH\View\View.php(201): CodeIgniter\Exceptions\FrameworkException::forInvalidFile('front/quienesSomos_view.php')
 2 SYSTEMPATH\Common.php(1184): CodeIgniter\View\View->render('front/quienesSomos_view', [], true)
 3 APPPATH\Controllers\Home.php(24): view('front/quienesSomos_view')
 4 SYSTEMPATH\CodeIgniter.php(934): App\Controllers\Home->quienesSomos()
 5 SYSTEMPATH\CodeIgniter.php(499): CodeIgniter\CodeIgniter->runController(Object(App\Controllers\Home))
 6 SYSTEMPATH\CodeIgniter.php(368): CodeIgniter\CodeIgniter->handleRequest(null, Object(Config\Cache), false)
 7 FCPATH\index.php(67): CodeIgniter\CodeIgniter->run()
CRITICAL - 2023-04-20 23:43:02 --> Invalid file: "front/quienesSomos_view.php"
in SYSTEMPATH\Exceptions\FrameworkException.php on line 33.
 1 SYSTEMPATH\View\View.php(201): CodeIgniter\Exceptions\FrameworkException::forInvalidFile('front/quienesSomos_view.php')
 2 SYSTEMPATH\Common.php(1184): CodeIgniter\View\View->render('front/quienesSomos_view', [], true)
 3 APPPATH\Controllers\Home.php(24): view('front/quienesSomos_view')
 4 SYSTEMPATH\CodeIgniter.php(934): App\Controllers\Home->quienesSomos()
 5 SYSTEMPATH\CodeIgniter.php(499): CodeIgniter\CodeIgniter->runController(Object(App\Controllers\Home))
 6 SYSTEMPATH\CodeIgniter.php(368): CodeIgniter\CodeIgniter->handleRequest(null, Object(Config\Cache), false)
 7 FCPATH\index.php(67): CodeIgniter\CodeIgniter->run()
CRITICAL - 2023-04-20 23:43:09 --> Invalid file: "front/quienesSomos_view.php"
in SYSTEMPATH\Exceptions\FrameworkException.php on line 33.
 1 SYSTEMPATH\View\View.php(201): CodeIgniter\Exceptions\FrameworkException::forInvalidFile('front/quienesSomos_view.php')
 2 SYSTEMPATH\Common.php(1184): CodeIgniter\View\View->render('front/quienesSomos_view', [], true)
 3 APPPATH\Controllers\Home.php(24): view('front/quienesSomos_view')
 4 SYSTEMPATH\CodeIgniter.php(934): App\Controllers\Home->quienesSomos()
 5 SYSTEMPATH\CodeIgniter.php(499): CodeIgniter\CodeIgniter->runController(Object(App\Controllers\Home))
 6 SYSTEMPATH\CodeIgniter.php(368): CodeIgniter\CodeIgniter->handleRequest(null, Object(Config\Cache), false)
 7 FCPATH\index.php(67): CodeIgniter\CodeIgniter->run()
