ERROR - 2023-07-16 20:27:09 --> Error connecting to the database: mysqli_sql_exception: Access denied for user ''@'localhost' (using password: NO) in C:\xampp\htdocs\GimenezIvana\system\Database\MySQLi\Connection.php:174
Stack trace:
#0 C:\xampp\htdocs\GimenezIvana\system\Database\MySQLi\Connection.php(174): mysqli->real_connect('localhost', '', '', 'bd_ivanagimenez', 3306, '', 0)
#1 C:\xampp\htdocs\GimenezIvana\system\Database\BaseConnection.php(391): CodeIgniter\Database\MySQLi\Connection->connect(false)
#2 C:\xampp\htdocs\GimenezIvana\system\Database\BaseConnection.php(573): CodeIgniter\Database\BaseConnection->initialize()
#3 C:\xampp\htdocs\GimenezIvana\system\Database\BaseBuilder.php(1616): CodeIgniter\Database\BaseConnection->query('SELECT 1\nFROM `...', Array, false)
#4 C:\xampp\htdocs\GimenezIvana\system\Validation\StrictRules\Rules.php(206): CodeIgniter\Database\BaseBuilder->get()
#5 C:\xampp\htdocs\GimenezIvana\system\Validation\Validation.php(312): CodeIgniter\Validation\StrictRules\Rules->is_unique('admin1@gmail.co...', 'email', Array, NULL, 'email')
#6 C:\xampp\htdocs\GimenezIvana\system\Validation\Validation.php(170): CodeIgniter\Validation\Validation->processRules('email', 'email', 'admin1@gmail.co...', Array, Array)
#7 C:\xampp\htdocs\GimenezIvana\system\Controller.php(140): CodeIgniter\Validation\Validation->run()
#8 C:\xampp\htdocs\GimenezIvana\app\Controllers\Registro_controller.php(36): CodeIgniter\Controller->validate(Array)
#9 C:\xampp\htdocs\GimenezIvana\system\CodeIgniter.php(934): App\Controllers\Registro_controller->formValidation()
#10 C:\xampp\htdocs\GimenezIvana\system\CodeIgniter.php(499): CodeIgniter\CodeIgniter->runController(Object(App\Controllers\Registro_controller))
#11 C:\xampp\htdocs\GimenezIvana\system\CodeIgniter.php(368): CodeIgniter\CodeIgniter->handleRequest(NULL, Object(Config\Cache), false)
#12 C:\xampp\htdocs\GimenezIvana\index.php(67): CodeIgniter\CodeIgniter->run()
#13 {main}

Next CodeIgniter\Database\Exceptions\DatabaseException: Access denied for user ''@'localhost' (using password: NO) in C:\xampp\htdocs\GimenezIvana\system\Database\MySQLi\Connection.php:218
Stack trace:
#0 C:\xampp\htdocs\GimenezIvana\system\Database\BaseConnection.php(391): CodeIgniter\Database\MySQLi\Connection->connect(false)
#1 C:\xampp\htdocs\GimenezIvana\system\Database\BaseConnection.php(573): CodeIgniter\Database\BaseConnection->initialize()
#2 C:\xampp\htdocs\GimenezIvana\system\Database\BaseBuilder.php(1616): CodeIgniter\Database\BaseConnection->query('SELECT 1\nFROM `...', Array, false)
#3 C:\xampp\htdocs\GimenezIvana\system\Validation\StrictRules\Rules.php(206): CodeIgniter\Database\BaseBuilder->get()
#4 C:\xampp\htdocs\GimenezIvana\system\Validation\Validation.php(312): CodeIgniter\Validation\StrictRules\Rules->is_unique('admin1@gmail.co...', 'email', Array, NULL, 'email')
#5 C:\xampp\htdocs\GimenezIvana\system\Validation\Validation.php(170): CodeIgniter\Validation\Validation->processRules('email', 'email', 'admin1@gmail.co...', Array, Array)
#6 C:\xampp\htdocs\GimenezIvana\system\Controller.php(140): CodeIgniter\Validation\Validation->run()
#7 C:\xampp\htdocs\GimenezIvana\app\Controllers\Registro_controller.php(36): CodeIgniter\Controller->validate(Array)
#8 C:\xampp\htdocs\GimenezIvana\system\CodeIgniter.php(934): App\Controllers\Registro_controller->formValidation()
#9 C:\xampp\htdocs\GimenezIvana\system\CodeIgniter.php(499): CodeIgniter\CodeIgniter->runController(Object(App\Controllers\Registro_controller))
#10 C:\xampp\htdocs\GimenezIvana\system\CodeIgniter.php(368): CodeIgniter\CodeIgniter->handleRequest(NULL, Object(Config\Cache), false)
#11 C:\xampp\htdocs\GimenezIvana\index.php(67): CodeIgniter\CodeIgniter->run()
#12 {main}
CRITICAL - 2023-07-16 20:27:09 --> Unable to connect to the database.
Main connection [MySQLi]: Access denied for user ''@'localhost' (using password: NO)
in SYSTEMPATH\Database\BaseConnection.php on line 427.
 1 SYSTEMPATH\Database\BaseConnection.php(573): CodeIgniter\Database\BaseConnection->initialize()
 2 SYSTEMPATH\Database\BaseBuilder.php(1616): CodeIgniter\Database\BaseConnection->query('SELECT 1
FROM `usuarios`
WHERE `email` = :email:
 LIMIT 1', [...], false)
 3 SYSTEMPATH\Validation\StrictRules\Rules.php(206): CodeIgniter\Database\BaseBuilder->get()
 4 SYSTEMPATH\Validation\Validation.php(312): CodeIgniter\Validation\StrictRules\Rules->is_unique('admin1@gmail.com', 'email', [...], null, 'email')
 5 SYSTEMPATH\Validation\Validation.php(170): CodeIgniter\Validation\Validation->processRules('email', 'email', 'admin1@gmail.com', [...], [...])
 6 SYSTEMPATH\Controller.php(140): CodeIgniter\Validation\Validation->run()
 7 APPPATH\Controllers\Registro_controller.php(36): CodeIgniter\Controller->validate([...])
 8 SYSTEMPATH\CodeIgniter.php(934): App\Controllers\Registro_controller->formValidation()
 9 SYSTEMPATH\CodeIgniter.php(499): CodeIgniter\CodeIgniter->runController(Object(App\Controllers\Registro_controller))
10 SYSTEMPATH\CodeIgniter.php(368): CodeIgniter\CodeIgniter->handleRequest(null, Object(Config\Cache), false)
11 FCPATH\index.php(67): CodeIgniter\CodeIgniter->run()
INFO - 2023-07-16 20:27:56 --> Session: Class initialized using 'CodeIgniter\Session\Handlers\FileHandler' driver.
ERROR - 2023-07-16 20:28:07 --> Error connecting to the database: mysqli_sql_exception: Access denied for user ''@'localhost' (using password: NO) in C:\xampp\htdocs\GimenezIvana\system\Database\MySQLi\Connection.php:174
Stack trace:
#0 C:\xampp\htdocs\GimenezIvana\system\Database\MySQLi\Connection.php(174): mysqli->real_connect('localhost', '', '', 'bd_ivanagimenez', 3306, '', 0)
#1 C:\xampp\htdocs\GimenezIvana\system\Database\BaseConnection.php(391): CodeIgniter\Database\MySQLi\Connection->connect(false)
#2 C:\xampp\htdocs\GimenezIvana\system\Database\BaseConnection.php(573): CodeIgniter\Database\BaseConnection->initialize()
#3 C:\xampp\htdocs\GimenezIvana\system\Database\BaseBuilder.php(1616): CodeIgniter\Database\BaseConnection->query('SELECT 1\nFROM `...', Array, false)
#4 C:\xampp\htdocs\GimenezIvana\system\Validation\StrictRules\Rules.php(206): CodeIgniter\Database\BaseBuilder->get()
#5 C:\xampp\htdocs\GimenezIvana\system\Validation\Validation.php(312): CodeIgniter\Validation\StrictRules\Rules->is_unique('admin1@gmail.co...', 'email', Array, NULL, 'email')
#6 C:\xampp\htdocs\GimenezIvana\system\Validation\Validation.php(170): CodeIgniter\Validation\Validation->processRules('email', 'email', 'admin1@gmail.co...', Array, Array)
#7 C:\xampp\htdocs\GimenezIvana\system\Controller.php(140): CodeIgniter\Validation\Validation->run()
#8 C:\xampp\htdocs\GimenezIvana\app\Controllers\Registro_controller.php(36): CodeIgniter\Controller->validate(Array)
#9 C:\xampp\htdocs\GimenezIvana\system\CodeIgniter.php(934): App\Controllers\Registro_controller->formValidation()
#10 C:\xampp\htdocs\GimenezIvana\system\CodeIgniter.php(499): CodeIgniter\CodeIgniter->runController(Object(App\Controllers\Registro_controller))
#11 C:\xampp\htdocs\GimenezIvana\system\CodeIgniter.php(368): CodeIgniter\CodeIgniter->handleRequest(NULL, Object(Config\Cache), false)
#12 C:\xampp\htdocs\GimenezIvana\index.php(67): CodeIgniter\CodeIgniter->run()
#13 {main}

Next CodeIgniter\Database\Exceptions\DatabaseException: Access denied for user ''@'localhost' (using password: NO) in C:\xampp\htdocs\GimenezIvana\system\Database\MySQLi\Connection.php:218
Stack trace:
#0 C:\xampp\htdocs\GimenezIvana\system\Database\BaseConnection.php(391): CodeIgniter\Database\MySQLi\Connection->connect(false)
#1 C:\xampp\htdocs\GimenezIvana\system\Database\BaseConnection.php(573): CodeIgniter\Database\BaseConnection->initialize()
#2 C:\xampp\htdocs\GimenezIvana\system\Database\BaseBuilder.php(1616): CodeIgniter\Database\BaseConnection->query('SELECT 1\nFROM `...', Array, false)
#3 C:\xampp\htdocs\GimenezIvana\system\Validation\StrictRules\Rules.php(206): CodeIgniter\Database\BaseBuilder->get()
#4 C:\xampp\htdocs\GimenezIvana\system\Validation\Validation.php(312): CodeIgniter\Validation\StrictRules\Rules->is_unique('admin1@gmail.co...', 'email', Array, NULL, 'email')
#5 C:\xampp\htdocs\GimenezIvana\system\Validation\Validation.php(170): CodeIgniter\Validation\Validation->processRules('email', 'email', 'admin1@gmail.co...', Array, Array)
#6 C:\xampp\htdocs\GimenezIvana\system\Controller.php(140): CodeIgniter\Validation\Validation->run()
#7 C:\xampp\htdocs\GimenezIvana\app\Controllers\Registro_controller.php(36): CodeIgniter\Controller->validate(Array)
#8 C:\xampp\htdocs\GimenezIvana\system\CodeIgniter.php(934): App\Controllers\Registro_controller->formValidation()
#9 C:\xampp\htdocs\GimenezIvana\system\CodeIgniter.php(499): CodeIgniter\CodeIgniter->runController(Object(App\Controllers\Registro_controller))
#10 C:\xampp\htdocs\GimenezIvana\system\CodeIgniter.php(368): CodeIgniter\CodeIgniter->handleRequest(NULL, Object(Config\Cache), false)
#11 C:\xampp\htdocs\GimenezIvana\index.php(67): CodeIgniter\CodeIgniter->run()
#12 {main}
CRITICAL - 2023-07-16 20:28:07 --> Unable to connect to the database.
Main connection [MySQLi]: Access denied for user ''@'localhost' (using password: NO)
in SYSTEMPATH\Database\BaseConnection.php on line 427.
 1 SYSTEMPATH\Database\BaseConnection.php(573): CodeIgniter\Database\BaseConnection->initialize()
 2 SYSTEMPATH\Database\BaseBuilder.php(1616): CodeIgniter\Database\BaseConnection->query('SELECT 1
FROM `usuarios`
WHERE `email` = :email:
 LIMIT 1', [...], false)
 3 SYSTEMPATH\Validation\StrictRules\Rules.php(206): CodeIgniter\Database\BaseBuilder->get()
 4 SYSTEMPATH\Validation\Validation.php(312): CodeIgniter\Validation\StrictRules\Rules->is_unique('admin1@gmail.com', 'email', [...], null, 'email')
 5 SYSTEMPATH\Validation\Validation.php(170): CodeIgniter\Validation\Validation->processRules('email', 'email', 'admin1@gmail.com', [...], [...])
 6 SYSTEMPATH\Controller.php(140): CodeIgniter\Validation\Validation->run()
 7 APPPATH\Controllers\Registro_controller.php(36): CodeIgniter\Controller->validate([...])
 8 SYSTEMPATH\CodeIgniter.php(934): App\Controllers\Registro_controller->formValidation()
 9 SYSTEMPATH\CodeIgniter.php(499): CodeIgniter\CodeIgniter->runController(Object(App\Controllers\Registro_controller))
10 SYSTEMPATH\CodeIgniter.php(368): CodeIgniter\CodeIgniter->handleRequest(null, Object(Config\Cache), false)
11 FCPATH\index.php(67): CodeIgniter\CodeIgniter->run()
ERROR - 2023-07-16 20:31:56 --> Error connecting to the database: mysqli_sql_exception: Access denied for user ''@'localhost' (using password: NO) in C:\xampp\htdocs\GimenezIvana\system\Database\MySQLi\Connection.php:174
Stack trace:
#0 C:\xampp\htdocs\GimenezIvana\system\Database\MySQLi\Connection.php(174): mysqli->real_connect('localhost', '', '', 'bd_ivanagimenez', 3306, '', 0)
#1 C:\xampp\htdocs\GimenezIvana\system\Database\BaseConnection.php(391): CodeIgniter\Database\MySQLi\Connection->connect(false)
#2 C:\xampp\htdocs\GimenezIvana\system\Database\BaseConnection.php(573): CodeIgniter\Database\BaseConnection->initialize()
#3 C:\xampp\htdocs\GimenezIvana\system\Database\BaseBuilder.php(1616): CodeIgniter\Database\BaseConnection->query('SELECT 1\nFROM `...', Array, false)
#4 C:\xampp\htdocs\GimenezIvana\system\Validation\StrictRules\Rules.php(206): CodeIgniter\Database\BaseBuilder->get()
#5 C:\xampp\htdocs\GimenezIvana\system\Validation\Validation.php(312): CodeIgniter\Validation\StrictRules\Rules->is_unique('admin1@gmail.co...', 'email', Array, NULL, 'email')
#6 C:\xampp\htdocs\GimenezIvana\system\Validation\Validation.php(170): CodeIgniter\Validation\Validation->processRules('email', 'email', 'admin1@gmail.co...', Array, Array)
#7 C:\xampp\htdocs\GimenezIvana\system\Controller.php(140): CodeIgniter\Validation\Validation->run()
#8 C:\xampp\htdocs\GimenezIvana\app\Controllers\Registro_controller.php(36): CodeIgniter\Controller->validate(Array)
#9 C:\xampp\htdocs\GimenezIvana\system\CodeIgniter.php(934): App\Controllers\Registro_controller->formValidation()
#10 C:\xampp\htdocs\GimenezIvana\system\CodeIgniter.php(499): CodeIgniter\CodeIgniter->runController(Object(App\Controllers\Registro_controller))
#11 C:\xampp\htdocs\GimenezIvana\system\CodeIgniter.php(368): CodeIgniter\CodeIgniter->handleRequest(NULL, Object(Config\Cache), false)
#12 C:\xampp\htdocs\GimenezIvana\index.php(67): CodeIgniter\CodeIgniter->run()
#13 {main}

Next CodeIgniter\Database\Exceptions\DatabaseException: Access denied for user ''@'localhost' (using password: NO) in C:\xampp\htdocs\GimenezIvana\system\Database\MySQLi\Connection.php:218
Stack trace:
#0 C:\xampp\htdocs\GimenezIvana\system\Database\BaseConnection.php(391): CodeIgniter\Database\MySQLi\Connection->connect(false)
#1 C:\xampp\htdocs\GimenezIvana\system\Database\BaseConnection.php(573): CodeIgniter\Database\BaseConnection->initialize()
#2 C:\xampp\htdocs\GimenezIvana\system\Database\BaseBuilder.php(1616): CodeIgniter\Database\BaseConnection->query('SELECT 1\nFROM `...', Array, false)
#3 C:\xampp\htdocs\GimenezIvana\system\Validation\StrictRules\Rules.php(206): CodeIgniter\Database\BaseBuilder->get()
#4 C:\xampp\htdocs\GimenezIvana\system\Validation\Validation.php(312): CodeIgniter\Validation\StrictRules\Rules->is_unique('admin1@gmail.co...', 'email', Array, NULL, 'email')
#5 C:\xampp\htdocs\GimenezIvana\system\Validation\Validation.php(170): CodeIgniter\Validation\Validation->processRules('email', 'email', 'admin1@gmail.co...', Array, Array)
#6 C:\xampp\htdocs\GimenezIvana\system\Controller.php(140): CodeIgniter\Validation\Validation->run()
#7 C:\xampp\htdocs\GimenezIvana\app\Controllers\Registro_controller.php(36): CodeIgniter\Controller->validate(Array)
#8 C:\xampp\htdocs\GimenezIvana\system\CodeIgniter.php(934): App\Controllers\Registro_controller->formValidation()
#9 C:\xampp\htdocs\GimenezIvana\system\CodeIgniter.php(499): CodeIgniter\CodeIgniter->runController(Object(App\Controllers\Registro_controller))
#10 C:\xampp\htdocs\GimenezIvana\system\CodeIgniter.php(368): CodeIgniter\CodeIgniter->handleRequest(NULL, Object(Config\Cache), false)
#11 C:\xampp\htdocs\GimenezIvana\index.php(67): CodeIgniter\CodeIgniter->run()
#12 {main}
CRITICAL - 2023-07-16 20:31:56 --> Unable to connect to the database.
Main connection [MySQLi]: Access denied for user ''@'localhost' (using password: NO)
in SYSTEMPATH\Database\BaseConnection.php on line 427.
 1 SYSTEMPATH\Database\BaseConnection.php(573): CodeIgniter\Database\BaseConnection->initialize()
 2 SYSTEMPATH\Database\BaseBuilder.php(1616): CodeIgniter\Database\BaseConnection->query('SELECT 1
FROM `usuarios`
WHERE `email` = :email:
 LIMIT 1', [...], false)
 3 SYSTEMPATH\Validation\StrictRules\Rules.php(206): CodeIgniter\Database\BaseBuilder->get()
 4 SYSTEMPATH\Validation\Validation.php(312): CodeIgniter\Validation\StrictRules\Rules->is_unique('admin1@gmail.com', 'email', [...], null, 'email')
 5 SYSTEMPATH\Validation\Validation.php(170): CodeIgniter\Validation\Validation->processRules('email', 'email', 'admin1@gmail.com', [...], [...])
 6 SYSTEMPATH\Controller.php(140): CodeIgniter\Validation\Validation->run()
 7 APPPATH\Controllers\Registro_controller.php(36): CodeIgniter\Controller->validate([...])
 8 SYSTEMPATH\CodeIgniter.php(934): App\Controllers\Registro_controller->formValidation()
 9 SYSTEMPATH\CodeIgniter.php(499): CodeIgniter\CodeIgniter->runController(Object(App\Controllers\Registro_controller))
10 SYSTEMPATH\CodeIgniter.php(368): CodeIgniter\CodeIgniter->handleRequest(null, Object(Config\Cache), false)
11 FCPATH\index.php(67): CodeIgniter\CodeIgniter->run()
ERROR - 2023-07-16 20:32:01 --> Error connecting to the database: mysqli_sql_exception: Access denied for user ''@'localhost' (using password: NO) in C:\xampp\htdocs\GimenezIvana\system\Database\MySQLi\Connection.php:174
Stack trace:
#0 C:\xampp\htdocs\GimenezIvana\system\Database\MySQLi\Connection.php(174): mysqli->real_connect('localhost', '', '', 'bd_ivanagimenez', 3306, '', 0)
#1 C:\xampp\htdocs\GimenezIvana\system\Database\BaseConnection.php(391): CodeIgniter\Database\MySQLi\Connection->connect(false)
#2 C:\xampp\htdocs\GimenezIvana\system\Database\BaseConnection.php(573): CodeIgniter\Database\BaseConnection->initialize()
#3 C:\xampp\htdocs\GimenezIvana\system\Database\BaseBuilder.php(1616): CodeIgniter\Database\BaseConnection->query('SELECT 1\nFROM `...', Array, false)
#4 C:\xampp\htdocs\GimenezIvana\system\Validation\StrictRules\Rules.php(206): CodeIgniter\Database\BaseBuilder->get()
#5 C:\xampp\htdocs\GimenezIvana\system\Validation\Validation.php(312): CodeIgniter\Validation\StrictRules\Rules->is_unique('admin1@gmail.co...', 'email', Array, NULL, 'email')
#6 C:\xampp\htdocs\GimenezIvana\system\Validation\Validation.php(170): CodeIgniter\Validation\Validation->processRules('email', 'email', 'admin1@gmail.co...', Array, Array)
#7 C:\xampp\htdocs\GimenezIvana\system\Controller.php(140): CodeIgniter\Validation\Validation->run()
#8 C:\xampp\htdocs\GimenezIvana\app\Controllers\Registro_controller.php(36): CodeIgniter\Controller->validate(Array)
#9 C:\xampp\htdocs\GimenezIvana\system\CodeIgniter.php(934): App\Controllers\Registro_controller->formValidation()
#10 C:\xampp\htdocs\GimenezIvana\system\CodeIgniter.php(499): CodeIgniter\CodeIgniter->runController(Object(App\Controllers\Registro_controller))
#11 C:\xampp\htdocs\GimenezIvana\system\CodeIgniter.php(368): CodeIgniter\CodeIgniter->handleRequest(NULL, Object(Config\Cache), false)
#12 C:\xampp\htdocs\GimenezIvana\index.php(67): CodeIgniter\CodeIgniter->run()
#13 {main}

Next CodeIgniter\Database\Exceptions\DatabaseException: Access denied for user ''@'localhost' (using password: NO) in C:\xampp\htdocs\GimenezIvana\system\Database\MySQLi\Connection.php:218
Stack trace:
#0 C:\xampp\htdocs\GimenezIvana\system\Database\BaseConnection.php(391): CodeIgniter\Database\MySQLi\Connection->connect(false)
#1 C:\xampp\htdocs\GimenezIvana\system\Database\BaseConnection.php(573): CodeIgniter\Database\BaseConnection->initialize()
#2 C:\xampp\htdocs\GimenezIvana\system\Database\BaseBuilder.php(1616): CodeIgniter\Database\BaseConnection->query('SELECT 1\nFROM `...', Array, false)
#3 C:\xampp\htdocs\GimenezIvana\system\Validation\StrictRules\Rules.php(206): CodeIgniter\Database\BaseBuilder->get()
#4 C:\xampp\htdocs\GimenezIvana\system\Validation\Validation.php(312): CodeIgniter\Validation\StrictRules\Rules->is_unique('admin1@gmail.co...', 'email', Array, NULL, 'email')
#5 C:\xampp\htdocs\GimenezIvana\system\Validation\Validation.php(170): CodeIgniter\Validation\Validation->processRules('email', 'email', 'admin1@gmail.co...', Array, Array)
#6 C:\xampp\htdocs\GimenezIvana\system\Controller.php(140): CodeIgniter\Validation\Validation->run()
#7 C:\xampp\htdocs\GimenezIvana\app\Controllers\Registro_controller.php(36): CodeIgniter\Controller->validate(Array)
#8 C:\xampp\htdocs\GimenezIvana\system\CodeIgniter.php(934): App\Controllers\Registro_controller->formValidation()
#9 C:\xampp\htdocs\GimenezIvana\system\CodeIgniter.php(499): CodeIgniter\CodeIgniter->runController(Object(App\Controllers\Registro_controller))
#10 C:\xampp\htdocs\GimenezIvana\system\CodeIgniter.php(368): CodeIgniter\CodeIgniter->handleRequest(NULL, Object(Config\Cache), false)
#11 C:\xampp\htdocs\GimenezIvana\index.php(67): CodeIgniter\CodeIgniter->run()
#12 {main}
CRITICAL - 2023-07-16 20:32:01 --> Unable to connect to the database.
Main connection [MySQLi]: Access denied for user ''@'localhost' (using password: NO)
in SYSTEMPATH\Database\BaseConnection.php on line 427.
 1 SYSTEMPATH\Database\BaseConnection.php(573): CodeIgniter\Database\BaseConnection->initialize()
 2 SYSTEMPATH\Database\BaseBuilder.php(1616): CodeIgniter\Database\BaseConnection->query('SELECT 1
FROM `usuarios`
WHERE `email` = :email:
 LIMIT 1', [...], false)
 3 SYSTEMPATH\Validation\StrictRules\Rules.php(206): CodeIgniter\Database\BaseBuilder->get()
 4 SYSTEMPATH\Validation\Validation.php(312): CodeIgniter\Validation\StrictRules\Rules->is_unique('admin1@gmail.com', 'email', [...], null, 'email')
 5 SYSTEMPATH\Validation\Validation.php(170): CodeIgniter\Validation\Validation->processRules('email', 'email', 'admin1@gmail.com', [...], [...])
 6 SYSTEMPATH\Controller.php(140): CodeIgniter\Validation\Validation->run()
 7 APPPATH\Controllers\Registro_controller.php(36): CodeIgniter\Controller->validate([...])
 8 SYSTEMPATH\CodeIgniter.php(934): App\Controllers\Registro_controller->formValidation()
 9 SYSTEMPATH\CodeIgniter.php(499): CodeIgniter\CodeIgniter->runController(Object(App\Controllers\Registro_controller))
10 SYSTEMPATH\CodeIgniter.php(368): CodeIgniter\CodeIgniter->handleRequest(null, Object(Config\Cache), false)
11 FCPATH\index.php(67): CodeIgniter\CodeIgniter->run()
INFO - 2023-07-16 20:32:03 --> Session: Class initialized using 'CodeIgniter\Session\Handlers\FileHandler' driver.
ERROR - 2023-07-16 20:32:19 --> Error connecting to the database: mysqli_sql_exception: Access denied for user ''@'localhost' (using password: NO) in C:\xampp\htdocs\GimenezIvana\system\Database\MySQLi\Connection.php:174
Stack trace:
#0 C:\xampp\htdocs\GimenezIvana\system\Database\MySQLi\Connection.php(174): mysqli->real_connect('localhost', '', '', 'bd_ivanagimenez', 3306, '', 0)
#1 C:\xampp\htdocs\GimenezIvana\system\Database\BaseConnection.php(391): CodeIgniter\Database\MySQLi\Connection->connect(false)
#2 C:\xampp\htdocs\GimenezIvana\system\Database\BaseConnection.php(573): CodeIgniter\Database\BaseConnection->initialize()
#3 C:\xampp\htdocs\GimenezIvana\system\Database\BaseBuilder.php(1616): CodeIgniter\Database\BaseConnection->query('SELECT 1\nFROM `...', Array, false)
#4 C:\xampp\htdocs\GimenezIvana\system\Validation\StrictRules\Rules.php(206): CodeIgniter\Database\BaseBuilder->get()
#5 C:\xampp\htdocs\GimenezIvana\system\Validation\Validation.php(312): CodeIgniter\Validation\StrictRules\Rules->is_unique('admin1@gmail.co...', 'email', Array, NULL, 'email')
#6 C:\xampp\htdocs\GimenezIvana\system\Validation\Validation.php(170): CodeIgniter\Validation\Validation->processRules('email', 'email', 'admin1@gmail.co...', Array, Array)
#7 C:\xampp\htdocs\GimenezIvana\system\Controller.php(140): CodeIgniter\Validation\Validation->run()
#8 C:\xampp\htdocs\GimenezIvana\app\Controllers\Registro_controller.php(36): CodeIgniter\Controller->validate(Array)
#9 C:\xampp\htdocs\GimenezIvana\system\CodeIgniter.php(934): App\Controllers\Registro_controller->formValidation()
#10 C:\xampp\htdocs\GimenezIvana\system\CodeIgniter.php(499): CodeIgniter\CodeIgniter->runController(Object(App\Controllers\Registro_controller))
#11 C:\xampp\htdocs\GimenezIvana\system\CodeIgniter.php(368): CodeIgniter\CodeIgniter->handleRequest(NULL, Object(Config\Cache), false)
#12 C:\xampp\htdocs\GimenezIvana\index.php(67): CodeIgniter\CodeIgniter->run()
#13 {main}

Next CodeIgniter\Database\Exceptions\DatabaseException: Access denied for user ''@'localhost' (using password: NO) in C:\xampp\htdocs\GimenezIvana\system\Database\MySQLi\Connection.php:218
Stack trace:
#0 C:\xampp\htdocs\GimenezIvana\system\Database\BaseConnection.php(391): CodeIgniter\Database\MySQLi\Connection->connect(false)
#1 C:\xampp\htdocs\GimenezIvana\system\Database\BaseConnection.php(573): CodeIgniter\Database\BaseConnection->initialize()
#2 C:\xampp\htdocs\GimenezIvana\system\Database\BaseBuilder.php(1616): CodeIgniter\Database\BaseConnection->query('SELECT 1\nFROM `...', Array, false)
#3 C:\xampp\htdocs\GimenezIvana\system\Validation\StrictRules\Rules.php(206): CodeIgniter\Database\BaseBuilder->get()
#4 C:\xampp\htdocs\GimenezIvana\system\Validation\Validation.php(312): CodeIgniter\Validation\StrictRules\Rules->is_unique('admin1@gmail.co...', 'email', Array, NULL, 'email')
#5 C:\xampp\htdocs\GimenezIvana\system\Validation\Validation.php(170): CodeIgniter\Validation\Validation->processRules('email', 'email', 'admin1@gmail.co...', Array, Array)
#6 C:\xampp\htdocs\GimenezIvana\system\Controller.php(140): CodeIgniter\Validation\Validation->run()
#7 C:\xampp\htdocs\GimenezIvana\app\Controllers\Registro_controller.php(36): CodeIgniter\Controller->validate(Array)
#8 C:\xampp\htdocs\GimenezIvana\system\CodeIgniter.php(934): App\Controllers\Registro_controller->formValidation()
#9 C:\xampp\htdocs\GimenezIvana\system\CodeIgniter.php(499): CodeIgniter\CodeIgniter->runController(Object(App\Controllers\Registro_controller))
#10 C:\xampp\htdocs\GimenezIvana\system\CodeIgniter.php(368): CodeIgniter\CodeIgniter->handleRequest(NULL, Object(Config\Cache), false)
#11 C:\xampp\htdocs\GimenezIvana\index.php(67): CodeIgniter\CodeIgniter->run()
#12 {main}
CRITICAL - 2023-07-16 20:32:19 --> Unable to connect to the database.
Main connection [MySQLi]: Access denied for user ''@'localhost' (using password: NO)
in SYSTEMPATH\Database\BaseConnection.php on line 427.
 1 SYSTEMPATH\Database\BaseConnection.php(573): CodeIgniter\Database\BaseConnection->initialize()
 2 SYSTEMPATH\Database\BaseBuilder.php(1616): CodeIgniter\Database\BaseConnection->query('SELECT 1
FROM `usuarios`
WHERE `email` = :email:
 LIMIT 1', [...], false)
 3 SYSTEMPATH\Validation\StrictRules\Rules.php(206): CodeIgniter\Database\BaseBuilder->get()
 4 SYSTEMPATH\Validation\Validation.php(312): CodeIgniter\Validation\StrictRules\Rules->is_unique('admin1@gmail.com', 'email', [...], null, 'email')
 5 SYSTEMPATH\Validation\Validation.php(170): CodeIgniter\Validation\Validation->processRules('email', 'email', 'admin1@gmail.com', [...], [...])
 6 SYSTEMPATH\Controller.php(140): CodeIgniter\Validation\Validation->run()
 7 APPPATH\Controllers\Registro_controller.php(36): CodeIgniter\Controller->validate([...])
 8 SYSTEMPATH\CodeIgniter.php(934): App\Controllers\Registro_controller->formValidation()
 9 SYSTEMPATH\CodeIgniter.php(499): CodeIgniter\CodeIgniter->runController(Object(App\Controllers\Registro_controller))
10 SYSTEMPATH\CodeIgniter.php(368): CodeIgniter\CodeIgniter->handleRequest(null, Object(Config\Cache), false)
11 FCPATH\index.php(67): CodeIgniter\CodeIgniter->run()
INFO - 2023-07-16 20:34:54 --> Session: Class initialized using 'CodeIgniter\Session\Handlers\FileHandler' driver.
INFO - 2023-07-16 20:34:55 --> Session: Class initialized using 'CodeIgniter\Session\Handlers\FileHandler' driver.
INFO - 2023-07-16 20:35:01 --> Session: Class initialized using 'CodeIgniter\Session\Handlers\FileHandler' driver.
INFO - 2023-07-16 20:35:20 --> Session: Class initialized using 'CodeIgniter\Session\Handlers\FileHandler' driver.
CRITICAL - 2023-07-16 20:35:20 --> Invalid file: "back/usuario/registrarse_back.php"
in SYSTEMPATH\Exceptions\FrameworkException.php on line 33.
 1 SYSTEMPATH\View\View.php(201): CodeIgniter\Exceptions\FrameworkException::forInvalidFile('back/usuario/registrarse_back.php')
 2 SYSTEMPATH\Common.php(1184): CodeIgniter\View\View->render('back/usuario/registrarse_back', [], true)
 3 APPPATH\Controllers\Registro_controller.php(54): view('back/usuario/registrarse_back', [...])
 4 SYSTEMPATH\CodeIgniter.php(934): App\Controllers\Registro_controller->formValidation()
 5 SYSTEMPATH\CodeIgniter.php(499): CodeIgniter\CodeIgniter->runController(Object(App\Controllers\Registro_controller))
 6 SYSTEMPATH\CodeIgniter.php(368): CodeIgniter\CodeIgniter->handleRequest(null, Object(Config\Cache), false)
 7 FCPATH\index.php(67): CodeIgniter\CodeIgniter->run()
INFO - 2023-07-16 20:38:50 --> Session: Class initialized using 'CodeIgniter\Session\Handlers\FileHandler' driver.
INFO - 2023-07-16 20:39:31 --> Session: Class initialized using 'CodeIgniter\Session\Handlers\FileHandler' driver.
CRITICAL - 2023-07-16 20:39:31 --> Invalid file: "back/usuario/registrarse_back.php"
in SYSTEMPATH\Exceptions\FrameworkException.php on line 33.
 1 SYSTEMPATH\View\View.php(201): CodeIgniter\Exceptions\FrameworkException::forInvalidFile('back/usuario/registrarse_back.php')
 2 SYSTEMPATH\Common.php(1184): CodeIgniter\View\View->render('back/usuario/registrarse_back', [], true)
 3 APPPATH\Controllers\Registro_controller.php(54): view('back/usuario/registrarse_back', [...])
 4 SYSTEMPATH\CodeIgniter.php(934): App\Controllers\Registro_controller->formValidation()
 5 SYSTEMPATH\CodeIgniter.php(499): CodeIgniter\CodeIgniter->runController(Object(App\Controllers\Registro_controller))
 6 SYSTEMPATH\CodeIgniter.php(368): CodeIgniter\CodeIgniter->handleRequest(null, Object(Config\Cache), false)
 7 FCPATH\index.php(67): CodeIgniter\CodeIgniter->run()
INFO - 2023-07-16 20:40:50 --> Session: Class initialized using 'CodeIgniter\Session\Handlers\FileHandler' driver.
INFO - 2023-07-16 20:41:13 --> Session: Class initialized using 'CodeIgniter\Session\Handlers\FileHandler' driver.
INFO - 2023-07-16 20:47:36 --> Session: Class initialized using 'CodeIgniter\Session\Handlers\FileHandler' driver.
INFO - 2023-07-16 20:47:36 --> Session: Class initialized using 'CodeIgniter\Session\Handlers\FileHandler' driver.
INFO - 2023-07-16 20:47:40 --> Session: Class initialized using 'CodeIgniter\Session\Handlers\FileHandler' driver.
INFO - 2023-07-16 20:48:02 --> Session: Class initialized using 'CodeIgniter\Session\Handlers\FileHandler' driver.
ERROR - 2023-07-16 20:57:12 --> mysqli_sql_exception: Cannot add or update a child row: a foreign key constraint fails (`bd_ivanagimenez`.`usuarios`, CONSTRAINT `usuarios_ibfk_1` FOREIGN KEY (`perfil_id`) REFERENCES `perfiles` (`id`)) in C:\xampp\htdocs\GimenezIvana\system\Database\MySQLi\Connection.php:295
Stack trace:
#0 C:\xampp\htdocs\GimenezIvana\system\Database\MySQLi\Connection.php(295): mysqli->query('INSERT INTO `us...', 0)
#1 C:\xampp\htdocs\GimenezIvana\system\Database\BaseConnection.php(691): CodeIgniter\Database\MySQLi\Connection->execute('INSERT INTO `us...')
#2 C:\xampp\htdocs\GimenezIvana\system\Database\BaseConnection.php(605): CodeIgniter\Database\BaseConnection->simpleQuery('INSERT INTO `us...')
#3 C:\xampp\htdocs\GimenezIvana\system\Database\BaseBuilder.php(2309): CodeIgniter\Database\BaseConnection->query('INSERT INTO `us...', Array, false)
#4 C:\xampp\htdocs\GimenezIvana\system\Model.php(330): CodeIgniter\Database\BaseBuilder->insert()
#5 C:\xampp\htdocs\GimenezIvana\system\BaseModel.php(782): CodeIgniter\Model->doInsert(Array)
#6 C:\xampp\htdocs\GimenezIvana\system\Model.php(730): CodeIgniter\BaseModel->insert(Array, false)
#7 C:\xampp\htdocs\GimenezIvana\system\BaseModel.php(692): CodeIgniter\Model->insert(Array, false)
#8 C:\xampp\htdocs\GimenezIvana\app\Controllers\Registro_controller.php(66): CodeIgniter\BaseModel->save(Array)
#9 C:\xampp\htdocs\GimenezIvana\system\CodeIgniter.php(934): App\Controllers\Registro_controller->formValidation()
#10 C:\xampp\htdocs\GimenezIvana\system\CodeIgniter.php(499): CodeIgniter\CodeIgniter->runController(Object(App\Controllers\Registro_controller))
#11 C:\xampp\htdocs\GimenezIvana\system\CodeIgniter.php(368): CodeIgniter\CodeIgniter->handleRequest(NULL, Object(Config\Cache), false)
#12 C:\xampp\htdocs\GimenezIvana\index.php(67): CodeIgniter\CodeIgniter->run()
#13 {main}
CRITICAL - 2023-07-16 20:57:12 --> Cannot add or update a child row: a foreign key constraint fails (`bd_ivanagimenez`.`usuarios`, CONSTRAINT `usuarios_ibfk_1` FOREIGN KEY (`perfil_id`) REFERENCES `perfiles` (`id`))
in SYSTEMPATH\Database\MySQLi\Connection.php on line 295.
 1 SYSTEMPATH\Database\MySQLi\Connection.php(295): mysqli->query('INSERT INTO `usuarios` (`nombre`, `apellido`, `email`, `telefono`, `pass`) VALUES (\'Admin\', \'Administrador\', \'admin1@gmail.com\', \'1234566787\', \'$2y$10$3Gpb9MFE.i27BvB9rKc53.o8diSIzZ/6OS0VM/nGSEhYCfoeFLxzS\')', 0)
 2 SYSTEMPATH\Database\BaseConnection.php(691): CodeIgniter\Database\MySQLi\Connection->execute('INSERT INTO `usuarios` (`nombre`, `apellido`, `email`, `telefono`, `pass`) VALUES (\'Admin\', \'Administrador\', \'admin1@gmail.com\', \'1234566787\', \'$2y$10$3Gpb9MFE.i27BvB9rKc53.o8diSIzZ/6OS0VM/nGSEhYCfoeFLxzS\')')
 3 SYSTEMPATH\Database\BaseConnection.php(605): CodeIgniter\Database\BaseConnection->simpleQuery('INSERT INTO `usuarios` (`nombre`, `apellido`, `email`, `telefono`, `pass`) VALUES (\'Admin\', \'Administrador\', \'admin1@gmail.com\', \'1234566787\', \'$2y$10$3Gpb9MFE.i27BvB9rKc53.o8diSIzZ/6OS0VM/nGSEhYCfoeFLxzS\')')
 4 SYSTEMPATH\Database\BaseBuilder.php(2309): CodeIgniter\Database\BaseConnection->query('INSERT INTO `usuarios` (`nombre`, `apellido`, `email`, `telefono`, `pass`) VALUES (:nombre:, :apellido:, :email:, :telefono:, :pass:)', [...], false)
 5 SYSTEMPATH\Model.php(330): CodeIgniter\Database\BaseBuilder->insert()
 6 SYSTEMPATH\BaseModel.php(782): CodeIgniter\Model->doInsert([...])
 7 SYSTEMPATH\Model.php(730): CodeIgniter\BaseModel->insert([...], false)
 8 SYSTEMPATH\BaseModel.php(692): CodeIgniter\Model->insert([...], false)
 9 APPPATH\Controllers\Registro_controller.php(66): CodeIgniter\BaseModel->save([...])
10 SYSTEMPATH\CodeIgniter.php(934): App\Controllers\Registro_controller->formValidation()
11 SYSTEMPATH\CodeIgniter.php(499): CodeIgniter\CodeIgniter->runController(Object(App\Controllers\Registro_controller))
12 SYSTEMPATH\CodeIgniter.php(368): CodeIgniter\CodeIgniter->handleRequest(null, Object(Config\Cache), false)
13 FCPATH\index.php(67): CodeIgniter\CodeIgniter->run()
ERROR - 2023-07-16 20:57:23 --> mysqli_sql_exception: Cannot add or update a child row: a foreign key constraint fails (`bd_ivanagimenez`.`usuarios`, CONSTRAINT `usuarios_ibfk_1` FOREIGN KEY (`perfil_id`) REFERENCES `perfiles` (`id`)) in C:\xampp\htdocs\GimenezIvana\system\Database\MySQLi\Connection.php:295
Stack trace:
#0 C:\xampp\htdocs\GimenezIvana\system\Database\MySQLi\Connection.php(295): mysqli->query('INSERT INTO `us...', 0)
#1 C:\xampp\htdocs\GimenezIvana\system\Database\BaseConnection.php(691): CodeIgniter\Database\MySQLi\Connection->execute('INSERT INTO `us...')
#2 C:\xampp\htdocs\GimenezIvana\system\Database\BaseConnection.php(605): CodeIgniter\Database\BaseConnection->simpleQuery('INSERT INTO `us...')
#3 C:\xampp\htdocs\GimenezIvana\system\Database\BaseBuilder.php(2309): CodeIgniter\Database\BaseConnection->query('INSERT INTO `us...', Array, false)
#4 C:\xampp\htdocs\GimenezIvana\system\Model.php(330): CodeIgniter\Database\BaseBuilder->insert()
#5 C:\xampp\htdocs\GimenezIvana\system\BaseModel.php(782): CodeIgniter\Model->doInsert(Array)
#6 C:\xampp\htdocs\GimenezIvana\system\Model.php(730): CodeIgniter\BaseModel->insert(Array, false)
#7 C:\xampp\htdocs\GimenezIvana\system\BaseModel.php(692): CodeIgniter\Model->insert(Array, false)
#8 C:\xampp\htdocs\GimenezIvana\app\Controllers\Registro_controller.php(66): CodeIgniter\BaseModel->save(Array)
#9 C:\xampp\htdocs\GimenezIvana\system\CodeIgniter.php(934): App\Controllers\Registro_controller->formValidation()
#10 C:\xampp\htdocs\GimenezIvana\system\CodeIgniter.php(499): CodeIgniter\CodeIgniter->runController(Object(App\Controllers\Registro_controller))
#11 C:\xampp\htdocs\GimenezIvana\system\CodeIgniter.php(368): CodeIgniter\CodeIgniter->handleRequest(NULL, Object(Config\Cache), false)
#12 C:\xampp\htdocs\GimenezIvana\index.php(67): CodeIgniter\CodeIgniter->run()
#13 {main}
CRITICAL - 2023-07-16 20:57:23 --> Cannot add or update a child row: a foreign key constraint fails (`bd_ivanagimenez`.`usuarios`, CONSTRAINT `usuarios_ibfk_1` FOREIGN KEY (`perfil_id`) REFERENCES `perfiles` (`id`))
in SYSTEMPATH\Database\MySQLi\Connection.php on line 295.
 1 SYSTEMPATH\Database\MySQLi\Connection.php(295): mysqli->query('INSERT INTO `usuarios` (`nombre`, `apellido`, `email`, `telefono`, `pass`) VALUES (\'Admin\', \'Administrador\', \'admin1@gmail.com\', \'1234566787\', \'$2y$10$sncfW97ILObfPaRnRo.fq.1dxk0wazgRFAAvjYAFg1Ny2AvdDUuvW\')', 0)
 2 SYSTEMPATH\Database\BaseConnection.php(691): CodeIgniter\Database\MySQLi\Connection->execute('INSERT INTO `usuarios` (`nombre`, `apellido`, `email`, `telefono`, `pass`) VALUES (\'Admin\', \'Administrador\', \'admin1@gmail.com\', \'1234566787\', \'$2y$10$sncfW97ILObfPaRnRo.fq.1dxk0wazgRFAAvjYAFg1Ny2AvdDUuvW\')')
 3 SYSTEMPATH\Database\BaseConnection.php(605): CodeIgniter\Database\BaseConnection->simpleQuery('INSERT INTO `usuarios` (`nombre`, `apellido`, `email`, `telefono`, `pass`) VALUES (\'Admin\', \'Administrador\', \'admin1@gmail.com\', \'1234566787\', \'$2y$10$sncfW97ILObfPaRnRo.fq.1dxk0wazgRFAAvjYAFg1Ny2AvdDUuvW\')')
 4 SYSTEMPATH\Database\BaseBuilder.php(2309): CodeIgniter\Database\BaseConnection->query('INSERT INTO `usuarios` (`nombre`, `apellido`, `email`, `telefono`, `pass`) VALUES (:nombre:, :apellido:, :email:, :telefono:, :pass:)', [...], false)
 5 SYSTEMPATH\Model.php(330): CodeIgniter\Database\BaseBuilder->insert()
 6 SYSTEMPATH\BaseModel.php(782): CodeIgniter\Model->doInsert([...])
 7 SYSTEMPATH\Model.php(730): CodeIgniter\BaseModel->insert([...], false)
 8 SYSTEMPATH\BaseModel.php(692): CodeIgniter\Model->insert([...], false)
 9 APPPATH\Controllers\Registro_controller.php(66): CodeIgniter\BaseModel->save([...])
10 SYSTEMPATH\CodeIgniter.php(934): App\Controllers\Registro_controller->formValidation()
11 SYSTEMPATH\CodeIgniter.php(499): CodeIgniter\CodeIgniter->runController(Object(App\Controllers\Registro_controller))
12 SYSTEMPATH\CodeIgniter.php(368): CodeIgniter\CodeIgniter->handleRequest(null, Object(Config\Cache), false)
13 FCPATH\index.php(67): CodeIgniter\CodeIgniter->run()
INFO - 2023-07-16 20:59:40 --> Session: Class initialized using 'CodeIgniter\Session\Handlers\FileHandler' driver.
INFO - 2023-07-16 20:59:40 --> Session: Class initialized using 'CodeIgniter\Session\Handlers\FileHandler' driver.
INFO - 2023-07-16 20:59:44 --> Session: Class initialized using 'CodeIgniter\Session\Handlers\FileHandler' driver.
INFO - 2023-07-16 21:00:04 --> Session: Class initialized using 'CodeIgniter\Session\Handlers\FileHandler' driver.
INFO - 2023-07-16 21:00:38 --> Session: Class initialized using 'CodeIgniter\Session\Handlers\FileHandler' driver.
INFO - 2023-07-16 21:01:00 --> Session: Class initialized using 'CodeIgniter\Session\Handlers\FileHandler' driver.
INFO - 2023-07-16 21:02:03 --> Session: Class initialized using 'CodeIgniter\Session\Handlers\FileHandler' driver.
INFO - 2023-07-16 21:02:10 --> Session: Class initialized using 'CodeIgniter\Session\Handlers\FileHandler' driver.
INFO - 2023-07-16 21:02:11 --> Session: Class initialized using 'CodeIgniter\Session\Handlers\FileHandler' driver.
INFO - 2023-07-16 21:02:23 --> Session: Class initialized using 'CodeIgniter\Session\Handlers\FileHandler' driver.
INFO - 2023-07-16 21:06:58 --> Session: Class initialized using 'CodeIgniter\Session\Handlers\FileHandler' driver.
INFO - 2023-07-16 21:06:59 --> Session: Class initialized using 'CodeIgniter\Session\Handlers\FileHandler' driver.
CRITICAL - 2023-07-16 21:06:59 --> Undefined index: nombre
in APPPATH\Views\back\usuario\editoMisDatos_view.php on line 21.
 1 APPPATH\Views\back\usuario\editoMisDatos_view.php(21): CodeIgniter\Debug\Exceptions->errorHandler(8, 'Undefined index: nombre', 'C:\\xampp\\htdocs\\GimenezIvana\\app\\Views\\back\\usuario\\editoMisDatos_view.php', 21, [...])
 2 SYSTEMPATH\View\View.php(213): include('C:\\xampp\\htdocs\\GimenezIvana\\app\\Views\\back\\usuario\\editoMisDatos_view.php')
 3 SYSTEMPATH\View\View.php(216): CodeIgniter\View\View->CodeIgniter\View\{closure}()
 4 SYSTEMPATH\Common.php(1184): CodeIgniter\View\View->render('back/usuario/editoMisDatos_view', [], true)
 5 APPPATH\Controllers\DataTable_controller.php(41): view('back/usuario/editoMisDatos_view', [...])
 6 SYSTEMPATH\CodeIgniter.php(934): App\Controllers\DataTable_controller->editoMisDatos('img', 'alexcgdesign.png')
 7 SYSTEMPATH\CodeIgniter.php(499): CodeIgniter\CodeIgniter->runController(Object(App\Controllers\DataTable_controller))
 8 SYSTEMPATH\CodeIgniter.php(368): CodeIgniter\CodeIgniter->handleRequest(null, Object(Config\Cache), false)
 9 FCPATH\index.php(67): CodeIgniter\CodeIgniter->run()
INFO - 2023-07-16 21:07:11 --> Session: Class initialized using 'CodeIgniter\Session\Handlers\FileHandler' driver.
INFO - 2023-07-16 21:07:16 --> Session: Class initialized using 'CodeIgniter\Session\Handlers\FileHandler' driver.
INFO - 2023-07-16 21:07:19 --> Session: Class initialized using 'CodeIgniter\Session\Handlers\FileHandler' driver.
INFO - 2023-07-16 21:07:19 --> Session: Class initialized using 'CodeIgniter\Session\Handlers\FileHandler' driver.
CRITICAL - 2023-07-16 21:07:19 --> Undefined index: nombre
in APPPATH\Views\back\usuario\editoMisDatos_view.php on line 21.
 1 APPPATH\Views\back\usuario\editoMisDatos_view.php(21): CodeIgniter\Debug\Exceptions->errorHandler(8, 'Undefined index: nombre', 'C:\\xampp\\htdocs\\GimenezIvana\\app\\Views\\back\\usuario\\editoMisDatos_view.php', 21, [...])
 2 SYSTEMPATH\View\View.php(213): include('C:\\xampp\\htdocs\\GimenezIvana\\app\\Views\\back\\usuario\\editoMisDatos_view.php')
 3 SYSTEMPATH\View\View.php(216): CodeIgniter\View\View->CodeIgniter\View\{closure}()
 4 SYSTEMPATH\Common.php(1184): CodeIgniter\View\View->render('back/usuario/editoMisDatos_view', [], true)
 5 APPPATH\Controllers\DataTable_controller.php(41): view('back/usuario/editoMisDatos_view', [...])
 6 SYSTEMPATH\CodeIgniter.php(934): App\Controllers\DataTable_controller->editoMisDatos('img', 'alexcgdesign.png')
 7 SYSTEMPATH\CodeIgniter.php(499): CodeIgniter\CodeIgniter->runController(Object(App\Controllers\DataTable_controller))
 8 SYSTEMPATH\CodeIgniter.php(368): CodeIgniter\CodeIgniter->handleRequest(null, Object(Config\Cache), false)
 9 FCPATH\index.php(67): CodeIgniter\CodeIgniter->run()
INFO - 2023-07-16 21:07:30 --> Session: Class initialized using 'CodeIgniter\Session\Handlers\FileHandler' driver.
INFO - 2023-07-16 21:07:43 --> Session: Class initialized using 'CodeIgniter\Session\Handlers\FileHandler' driver.
INFO - 2023-07-16 21:09:53 --> Session: Class initialized using 'CodeIgniter\Session\Handlers\FileHandler' driver.
INFO - 2023-07-16 21:09:56 --> Session: Class initialized using 'CodeIgniter\Session\Handlers\FileHandler' driver.
INFO - 2023-07-16 21:09:59 --> Session: Class initialized using 'CodeIgniter\Session\Handlers\FileHandler' driver.
INFO - 2023-07-16 21:09:59 --> Session: Class initialized using 'CodeIgniter\Session\Handlers\FileHandler' driver.
INFO - 2023-07-16 21:10:07 --> Session: Class initialized using 'CodeIgniter\Session\Handlers\FileHandler' driver.
INFO - 2023-07-16 21:10:08 --> Session: Class initialized using 'CodeIgniter\Session\Handlers\FileHandler' driver.
INFO - 2023-07-16 21:10:12 --> Session: Class initialized using 'CodeIgniter\Session\Handlers\FileHandler' driver.
CRITICAL - 2023-07-16 21:10:12 --> Invalid file: "admin/listaUsuarios_view.php"
in SYSTEMPATH\Exceptions\FrameworkException.php on line 33.
 1 SYSTEMPATH\View\View.php(201): CodeIgniter\Exceptions\FrameworkException::forInvalidFile('admin/listaUsuarios_view.php')
 2 SYSTEMPATH\Common.php(1184): CodeIgniter\View\View->render('admin/listaUsuarios_view', [], true)
 3 APPPATH\Controllers\DataTable_controller.php(19): view('admin/listaUsuarios_view', [...])
 4 SYSTEMPATH\CodeIgniter.php(934): App\Controllers\DataTable_controller->index()
 5 SYSTEMPATH\CodeIgniter.php(499): CodeIgniter\CodeIgniter->runController(Object(App\Controllers\DataTable_controller))
 6 SYSTEMPATH\CodeIgniter.php(368): CodeIgniter\CodeIgniter->handleRequest(null, Object(Config\Cache), false)
 7 FCPATH\index.php(67): CodeIgniter\CodeIgniter->run()
INFO - 2023-07-16 21:17:22 --> Session: Class initialized using 'CodeIgniter\Session\Handlers\FileHandler' driver.
INFO - 2023-07-16 21:17:35 --> Session: Class initialized using 'CodeIgniter\Session\Handlers\FileHandler' driver.
INFO - 2023-07-16 21:18:03 --> Session: Class initialized using 'CodeIgniter\Session\Handlers\FileHandler' driver.
INFO - 2023-07-16 21:18:17 --> Session: Class initialized using 'CodeIgniter\Session\Handlers\FileHandler' driver.
INFO - 2023-07-16 21:18:48 --> Session: Class initialized using 'CodeIgniter\Session\Handlers\FileHandler' driver.
INFO - 2023-07-16 21:18:53 --> Session: Class initialized using 'CodeIgniter\Session\Handlers\FileHandler' driver.
INFO - 2023-07-16 21:19:27 --> Session: Class initialized using 'CodeIgniter\Session\Handlers\FileHandler' driver.
INFO - 2023-07-16 21:19:59 --> Session: Class initialized using 'CodeIgniter\Session\Handlers\FileHandler' driver.
INFO - 2023-07-16 21:20:06 --> Session: Class initialized using 'CodeIgniter\Session\Handlers\FileHandler' driver.
INFO - 2023-07-16 21:20:09 --> Session: Class initialized using 'CodeIgniter\Session\Handlers\FileHandler' driver.
CRITICAL - 2023-07-16 21:20:09 --> Invalid file: "admin/usuariosEliminados_view.php"
in SYSTEMPATH\Exceptions\FrameworkException.php on line 33.
 1 SYSTEMPATH\View\View.php(201): CodeIgniter\Exceptions\FrameworkException::forInvalidFile('admin/usuariosEliminados_view.php')
 2 SYSTEMPATH\Common.php(1184): CodeIgniter\View\View->render('admin/usuariosEliminados_view', [], true)
 3 APPPATH\Controllers\Usuario_controller.php(237): view('admin/usuariosEliminados_view', [...])
 4 SYSTEMPATH\CodeIgniter.php(934): App\Controllers\Usuario_controller->Usuarios_eliminados()
 5 SYSTEMPATH\CodeIgniter.php(499): CodeIgniter\CodeIgniter->runController(Object(App\Controllers\Usuario_controller))
 6 SYSTEMPATH\CodeIgniter.php(368): CodeIgniter\CodeIgniter->handleRequest(null, Object(Config\Cache), false)
 7 FCPATH\index.php(67): CodeIgniter\CodeIgniter->run()
INFO - 2023-07-16 21:20:54 --> Session: Class initialized using 'CodeIgniter\Session\Handlers\FileHandler' driver.
INFO - 2023-07-16 21:21:00 --> Session: Class initialized using 'CodeIgniter\Session\Handlers\FileHandler' driver.
INFO - 2023-07-16 21:21:09 --> Session: Class initialized using 'CodeIgniter\Session\Handlers\FileHandler' driver.
INFO - 2023-07-16 21:21:39 --> Session: Class initialized using 'CodeIgniter\Session\Handlers\FileHandler' driver.
INFO - 2023-07-16 21:23:12 --> Session: Class initialized using 'CodeIgniter\Session\Handlers\FileHandler' driver.
INFO - 2023-07-16 21:23:16 --> Session: Class initialized using 'CodeIgniter\Session\Handlers\FileHandler' driver.
INFO - 2023-07-16 21:24:28 --> Session: Class initialized using 'CodeIgniter\Session\Handlers\FileHandler' driver.
INFO - 2023-07-16 21:24:31 --> Session: Class initialized using 'CodeIgniter\Session\Handlers\FileHandler' driver.
INFO - 2023-07-16 21:24:31 --> Session: Class initialized using 'CodeIgniter\Session\Handlers\FileHandler' driver.
INFO - 2023-07-16 21:24:37 --> Session: Class initialized using 'CodeIgniter\Session\Handlers\FileHandler' driver.
INFO - 2023-07-16 21:24:47 --> Session: Class initialized using 'CodeIgniter\Session\Handlers\FileHandler' driver.
INFO - 2023-07-16 21:24:47 --> Session: Class initialized using 'CodeIgniter\Session\Handlers\FileHandler' driver.
INFO - 2023-07-16 21:24:57 --> Session: Class initialized using 'CodeIgniter\Session\Handlers\FileHandler' driver.
INFO - 2023-07-16 21:24:58 --> Session: Class initialized using 'CodeIgniter\Session\Handlers\FileHandler' driver.
INFO - 2023-07-16 21:25:15 --> Session: Class initialized using 'CodeIgniter\Session\Handlers\FileHandler' driver.
INFO - 2023-07-16 21:25:15 --> Session: Class initialized using 'CodeIgniter\Session\Handlers\FileHandler' driver.
INFO - 2023-07-16 21:25:22 --> Session: Class initialized using 'CodeIgniter\Session\Handlers\FileHandler' driver.
INFO - 2023-07-16 21:25:56 --> Session: Class initialized using 'CodeIgniter\Session\Handlers\FileHandler' driver.
INFO - 2023-07-16 21:26:03 --> Session: Class initialized using 'CodeIgniter\Session\Handlers\FileHandler' driver.
INFO - 2023-07-16 21:26:03 --> Session: Class initialized using 'CodeIgniter\Session\Handlers\FileHandler' driver.
INFO - 2023-07-16 21:26:07 --> Session: Class initialized using 'CodeIgniter\Session\Handlers\FileHandler' driver.
INFO - 2023-07-16 21:27:07 --> Session: Class initialized using 'CodeIgniter\Session\Handlers\FileHandler' driver.
INFO - 2023-07-16 21:27:07 --> Session: Class initialized using 'CodeIgniter\Session\Handlers\FileHandler' driver.
INFO - 2023-07-16 21:27:11 --> Session: Class initialized using 'CodeIgniter\Session\Handlers\FileHandler' driver.
INFO - 2023-07-16 21:27:21 --> Session: Class initialized using 'CodeIgniter\Session\Handlers\FileHandler' driver.
INFO - 2023-07-16 21:27:21 --> Session: Class initialized using 'CodeIgniter\Session\Handlers\FileHandler' driver.
INFO - 2023-07-16 21:27:33 --> Session: Class initialized using 'CodeIgniter\Session\Handlers\FileHandler' driver.
INFO - 2023-07-16 21:27:37 --> Session: Class initialized using 'CodeIgniter\Session\Handlers\FileHandler' driver.
INFO - 2023-07-16 21:27:42 --> Session: Class initialized using 'CodeIgniter\Session\Handlers\FileHandler' driver.
INFO - 2023-07-16 21:27:42 --> Session: Class initialized using 'CodeIgniter\Session\Handlers\FileHandler' driver.
CRITICAL - 2023-07-16 21:27:42 --> Undefined index: nombre
in APPPATH\Views\back\usuario\editoMisDatos_view.php on line 21.
 1 APPPATH\Views\back\usuario\editoMisDatos_view.php(21): CodeIgniter\Debug\Exceptions->errorHandler(8, 'Undefined index: nombre', 'C:\\xampp\\htdocs\\GimenezIvana\\app\\Views\\back\\usuario\\editoMisDatos_view.php', 21, [...])
 2 SYSTEMPATH\View\View.php(213): include('C:\\xampp\\htdocs\\GimenezIvana\\app\\Views\\back\\usuario\\editoMisDatos_view.php')
 3 SYSTEMPATH\View\View.php(216): CodeIgniter\View\View->CodeIgniter\View\{closure}()
 4 SYSTEMPATH\Common.php(1184): CodeIgniter\View\View->render('back/usuario/editoMisDatos_view', [], true)
 5 APPPATH\Controllers\DataTable_controller.php(41): view('back/usuario/editoMisDatos_view', [...])
 6 SYSTEMPATH\CodeIgniter.php(934): App\Controllers\DataTable_controller->editoMisDatos('img', 'alexcgdesign.png')
 7 SYSTEMPATH\CodeIgniter.php(499): CodeIgniter\CodeIgniter->runController(Object(App\Controllers\DataTable_controller))
 8 SYSTEMPATH\CodeIgniter.php(368): CodeIgniter\CodeIgniter->handleRequest(null, Object(Config\Cache), false)
 9 FCPATH\index.php(67): CodeIgniter\CodeIgniter->run()
INFO - 2023-07-16 21:29:12 --> Session: Class initialized using 'CodeIgniter\Session\Handlers\FileHandler' driver.
INFO - 2023-07-16 21:29:35 --> Session: Class initialized using 'CodeIgniter\Session\Handlers\FileHandler' driver.
INFO - 2023-07-16 21:29:35 --> Session: Class initialized using 'CodeIgniter\Session\Handlers\FileHandler' driver.
INFO - 2023-07-16 21:29:39 --> Session: Class initialized using 'CodeIgniter\Session\Handlers\FileHandler' driver.
INFO - 2023-07-16 21:29:39 --> Session: Class initialized using 'CodeIgniter\Session\Handlers\FileHandler' driver.
INFO - 2023-07-16 21:29:44 --> Session: Class initialized using 'CodeIgniter\Session\Handlers\FileHandler' driver.
INFO - 2023-07-16 21:29:55 --> Session: Class initialized using 'CodeIgniter\Session\Handlers\FileHandler' driver.
INFO - 2023-07-16 21:29:55 --> Session: Class initialized using 'CodeIgniter\Session\Handlers\FileHandler' driver.
INFO - 2023-07-16 21:30:48 --> Session: Class initialized using 'CodeIgniter\Session\Handlers\FileHandler' driver.
INFO - 2023-07-16 21:31:30 --> Session: Class initialized using 'CodeIgniter\Session\Handlers\FileHandler' driver.
INFO - 2023-07-16 21:33:01 --> Session: Class initialized using 'CodeIgniter\Session\Handlers\FileHandler' driver.
INFO - 2023-07-16 21:36:35 --> Session: Class initialized using 'CodeIgniter\Session\Handlers\FileHandler' driver.
INFO - 2023-07-16 21:42:00 --> Session: Class initialized using 'CodeIgniter\Session\Handlers\FileHandler' driver.
INFO - 2023-07-16 21:42:01 --> Session: Class initialized using 'CodeIgniter\Session\Handlers\FileHandler' driver.
INFO - 2023-07-16 21:43:09 --> Session: Class initialized using 'CodeIgniter\Session\Handlers\FileHandler' driver.
INFO - 2023-07-16 21:43:13 --> Session: Class initialized using 'CodeIgniter\Session\Handlers\FileHandler' driver.
INFO - 2023-07-16 21:45:22 --> Session: Class initialized using 'CodeIgniter\Session\Handlers\FileHandler' driver.
INFO - 2023-07-16 23:48:51 --> Session: Class initialized using 'CodeIgniter\Session\Handlers\FileHandler' driver.
INFO - 2023-07-16 23:49:29 --> Session: Class initialized using 'CodeIgniter\Session\Handlers\FileHandler' driver.
INFO - 2023-07-16 23:49:56 --> Session: Class initialized using 'CodeIgniter\Session\Handlers\FileHandler' driver.
INFO - 2023-07-16 23:54:41 --> Session: Class initialized using 'CodeIgniter\Session\Handlers\FileHandler' driver.
INFO - 2023-07-16 23:54:52 --> Session: Class initialized using 'CodeIgniter\Session\Handlers\FileHandler' driver.
INFO - 2023-07-16 23:54:57 --> Session: Class initialized using 'CodeIgniter\Session\Handlers\FileHandler' driver.
INFO - 2023-07-16 23:55:01 --> Session: Class initialized using 'CodeIgniter\Session\Handlers\FileHandler' driver.
INFO - 2023-07-16 23:55:07 --> Session: Class initialized using 'CodeIgniter\Session\Handlers\FileHandler' driver.
INFO - 2023-07-16 23:55:13 --> Session: Class initialized using 'CodeIgniter\Session\Handlers\FileHandler' driver.
INFO - 2023-07-16 23:55:17 --> Session: Class initialized using 'CodeIgniter\Session\Handlers\FileHandler' driver.
INFO - 2023-07-16 23:55:27 --> Session: Class initialized using 'CodeIgniter\Session\Handlers\FileHandler' driver.
INFO - 2023-07-16 23:56:37 --> Session: Class initialized using 'CodeIgniter\Session\Handlers\FileHandler' driver.
INFO - 2023-07-16 23:58:58 --> Session: Class initialized using 'CodeIgniter\Session\Handlers\FileHandler' driver.
INFO - 2023-07-16 23:59:53 --> Session: Class initialized using 'CodeIgniter\Session\Handlers\FileHandler' driver.
